<?xml version="1.0" encoding="UTF-8"?>
<testsuite name="cal.zemoga.CALZemogaTest.services.ServicePortfolioImplTest" tests="4" skipped="0" failures="0" errors="0" timestamp="2022-03-21T16:06:49" hostname="DESKTOP-PO18RAS" time="0.988">
  <properties/>
  <testcase name="whenUpdatePortfolioNotExistsThenNull()" classname="cal.zemoga.CALZemogaTest.services.ServicePortfolioImplTest" time="0.979"/>
  <testcase name="whenPortfolioExistsThenOk()" classname="cal.zemoga.CALZemogaTest.services.ServicePortfolioImplTest" time="0.001"/>
  <testcase name="whenPortfolioNotExistsThenNull()" classname="cal.zemoga.CALZemogaTest.services.ServicePortfolioImplTest" time="0.001"/>
  <testcase name="whenUpdatePortfolioExistsThenOk()" classname="cal.zemoga.CALZemogaTest.services.ServicePortfolioImplTest" time="0.002"/>
  <system-out><![CDATA[]]></system-out>
  <system-err><![CDATA[]]></system-err>
</testsuite>
